<?xml version="1.0" encoding="UTF-8"?>
<!-- Generated by org.testng.reporters.JUnitReportReporter -->
<testsuite hostname="LAPTOP-Q3N7NGI0" failures="0" tests="1" name="test.java.runners.MoviesTestCase" time="31.955" errors="0" timestamp="30 Jun 2021 06:04:07 GMT">
  <testcase classname="test.java.runners.MoviesTestCase" name="checkMoviesPass" time="31.955"/>
</testsuite> <!-- test.java.runners.MoviesTestCase -->
