<?xml version="1.0" encoding="UTF-8"?>
<!-- Generated by org.testng.reporters.JUnitReportReporter -->
<testsuite hostname="LAPTOP-Q3N7NGI0" failures="0" tests="1" name="test.java.runners.SportsTestCase" time="545.635" errors="0" timestamp="29 Jun 2021 17:15:22 GMT">
  <testcase classname="test.java.runners.SportsTestCase" name="checkMoviesPass" time="545.635"/>
</testsuite> <!-- test.java.runners.SportsTestCase -->
