<?xml version="1.0" encoding="UTF-8"?>
<!-- Generated by org.testng.reporters.JUnitReportReporter -->
<testsuite hostname="LAPTOP-Q3N7NGI0" failures="0" tests="1" name="test.java.runners.BmsLoginTest" time="43.309" errors="0" timestamp="30 Jun 2021 06:45:39 GMT">
  <testcase classname="test.java.runners.BmsLoginTest" name="launch" time="43.309"/>
</testsuite> <!-- test.java.runners.BmsLoginTest -->
