<?xml version="1.0" encoding="UTF-8"?>
<!-- Generated by org.testng.reporters.JUnitReportReporter -->
<testsuite hostname="LAPTOP-Q3N7NGI0" failures="0" tests="1" name="test.java.runners.MoviesTestCase" time="45.871" errors="0" timestamp="29 Jun 2021 17:03:47 GMT">
  <testcase classname="test.java.runners.MoviesTestCase" name="checkMoviesPass" time="45.871"/>
</testsuite> <!-- test.java.runners.MoviesTestCase -->
