<?xml version="1.0" encoding="UTF-8"?>
<!-- Generated by org.testng.reporters.JUnitReportReporter -->
<testsuite hostname="LAPTOP-Q3N7NGI0" name="test.java.runners.SportsTestCase" tests="1" failures="0" timestamp="21 Jun 2021 14:40:52 GMT" time="511.292" errors="0">
  <testcase name="checkMoviesPass" time="511.292" classname="test.java.runners.SportsTestCase"/>
</testsuite> <!-- test.java.runners.SportsTestCase -->
